Using pre-set license
Built from '2020.3/staging' branch; Version is '2020.3.18f1 (a7d1c678663c) revision 10998214'; Using compiler version '192528614'; Build Type 'Release'
OS: 'Windows 10 Pro; OS build 19043.1165; Version 2009; 64bit' Language: 'zh' Physical Memory: 8039 MB
BatchMode: 1, IsHumanControllingUs: 0, StartBugReporterOnCrash: 0, Is64bit: 1, IsPro: 0

COMMAND LINE ARGUMENTS:
C:\Program Files\Unity\Hub\Editor\2020.3.18f1\Editor\Unity.exe
-adb2
-batchMode
-noUpm
-name
AssetImportWorker0
-projectPath
C:/Users/yfdon/Project/2DGame
-logFile
Logs/AssetImportWorker0.log
-srvPort
52607
Successfully changed project path to: C:/Users/yfdon/Project/2DGame
C:/Users/yfdon/Project/2DGame
Using Asset Import Pipeline V2.
Refreshing native plugins compatible for Editor in 64.24 ms, found 3 plugins.
Preloading 0 native plugins for Editor in 0.00 ms.
Initialize engine version: 2020.3.18f1 (a7d1c678663c)
[Subsystems] Discovering subsystems at path C:/Program Files/Unity/Hub/Editor/2020.3.18f1/Editor/Data/Resources/UnitySubsystems
[Subsystems] Discovering subsystems at path C:/Users/yfdon/Project/2DGame/Assets
GfxDevice: creating device client; threaded=0
Direct3D:
    Version:  Direct3D 11.0 [level 11.1]
    Renderer: NVIDIA GeForce GTX 1050 Ti (ID=0x1c8c)
    Vendor:   
    VRAM:     4018 MB
    Driver:   26.21.14.3064
Initialize mono
Mono path[0] = 'C:/Program Files/Unity/Hub/Editor/2020.3.18f1/Editor/Data/Managed'
Mono path[1] = 'C:/Program Files/Unity/Hub/Editor/2020.3.18f1/Editor/Data/MonoBleedingEdge/lib/mono/unityjit'
Mono config path = 'C:/Program Files/Unity/Hub/Editor/2020.3.18f1/Editor/Data/MonoBleedingEdge/etc'
Using monoOptions --debugger-agent=transport=dt_socket,embedding=1,server=y,suspend=n,address=127.0.0.1:56088
Begin MonoManager ReloadAssembly
Registering precompiled unity dll's ...
Register platform support module: C:/Program Files/Unity/Hub/Editor/2020.3.18f1/Editor/Data/PlaybackEngines/WebGLSupport/UnityEditor.WebGL.Extensions.dll
Register platform support module: C:/Program Files/Unity/Hub/Editor/2020.3.18f1/Editor/Data/PlaybackEngines/WindowsStandaloneSupport/UnityEditor.WindowsStandalone.Extensions.dll
Registered in 0.006240 seconds.
Native extension for WindowsStandalone target not found
Native extension for WebGL target not found
Refreshing native plugins compatible for Editor in 173.42 ms, found 3 plugins.
Preloading 0 native plugins for Editor in 0.00 ms.
Mono: successfully reloaded assembly
- Completed reload, in  4.091 seconds
Domain Reload Profiling:
	ReloadAssembly (4091ms)
		BeginReloadAssembly (81ms)
			ExecutionOrderSort (0ms)
			DisableScriptedObjects (0ms)
			BackupInstance (0ms)
			ReleaseScriptingObjects (0ms)
			CreateAndSetChildDomain (1ms)
		EndReloadAssembly (606ms)
			LoadAssemblies (80ms)
			RebuildTransferFunctionScriptingTraits (0ms)
			SetupTypeCache (153ms)
			ReleaseScriptCaches (0ms)
			RebuildScriptCaches (31ms)
			SetupLoadedEditorAssemblies (305ms)
				LogAssemblyErrors (0ms)
				InitializePlatformSupportModulesInManaged (5ms)
				SetLoadedEditorAssemblies (0ms)
				RefreshPlugins (173ms)
				BeforeProcessingInitializeOnLoad (11ms)
				ProcessInitializeOnLoadAttributes (85ms)
				ProcessInitializeOnLoadMethodAttributes (30ms)
				AfterProcessingInitializeOnLoad (0ms)
				EditorAssembliesLoaded (0ms)
			ExecutionOrderSort2 (0ms)
			AwakeInstancesAfterBackupRestoration (0ms)
Platform modules already initialized, skipping
Registering precompiled user dll's ...
Registered in 0.012573 seconds.
Begin MonoManager ReloadAssembly
Native extension for WindowsStandalone target not found
Native extension for WebGL target not found
Refreshing native plugins compatible for Editor in 40.39 ms, found 3 plugins.
Preloading 0 native plugins for Editor in 0.00 ms.
Mono: successfully reloaded assembly
- Completed reload, in  1.222 seconds
Domain Reload Profiling:
	ReloadAssembly (1223ms)
		BeginReloadAssembly (151ms)
			ExecutionOrderSort (0ms)
			DisableScriptedObjects (5ms)
			BackupInstance (0ms)
			ReleaseScriptingObjects (0ms)
			CreateAndSetChildDomain (21ms)
		EndReloadAssembly (1001ms)
			LoadAssemblies (156ms)
			RebuildTransferFunctionScriptingTraits (0ms)
			SetupTypeCache (315ms)
			ReleaseScriptCaches (0ms)
			RebuildScriptCaches (46ms)
			SetupLoadedEditorAssemblies (348ms)
				LogAssemblyErrors (0ms)
				InitializePlatformSupportModulesInManaged (5ms)
				SetLoadedEditorAssemblies (0ms)
				RefreshPlugins (40ms)
				BeforeProcessingInitializeOnLoad (66ms)
				ProcessInitializeOnLoadAttributes (213ms)
				ProcessInitializeOnLoadMethodAttributes (17ms)
				AfterProcessingInitializeOnLoad (6ms)
				EditorAssembliesLoaded (0ms)
			ExecutionOrderSort2 (0ms)
			AwakeInstancesAfterBackupRestoration (7ms)
Platform modules already initialized, skipping
========================================================================
Worker process is ready to serve import requests
Launched and connected shader compiler UnityShaderCompiler.exe after 0.08 seconds
Refreshing native plugins compatible for Editor in 0.60 ms, found 3 plugins.
Preloading 0 native plugins for Editor in 0.00 ms.
Unloading 2090 Unused Serialized files (Serialized files now loaded: 0)
System memory in use before: 93.0 MB.
System memory in use after: 93.1 MB.

Unloading 26 unused Assets to reduce memory usage. Loaded Objects now: 2529.
Total: 3.791600 ms (FindLiveObjects: 0.231300 ms CreateObjectMapping: 0.085200 ms MarkObjects: 3.375600 ms  DeleteObjects: 0.096900 ms)

AssetImportParameters requested are different than current active one (requested -> active):
  custom:framework-win-MediaFoundation: 216162199b28c13a410421893ffa2e32 -> 
  custom:video-decoder-ogg-theora: a1e56fd34408186e4bbccfd4996cb3dc -> 
  custom:container-muxer-webm: aa71ff27fc2769a1b78a27578f13a17b -> 
  custom:container-demuxer-webm: 4f35f7cbe854078d1ac9338744f61a02 -> 
  custom:container-demuxer-ogg: 62fdf1f143b41e24485cea50d1cbac27 -> 
  custom:video-encoder-webm-vp8: eb34c28f22e8b96e1ab97ce403110664 -> 
  custom:video-decoder-webm-vp8: 9c59270c3fd7afecdb556c50c9e8de78 -> 
  custom:audio-decoder-ogg-vorbis: bf7c407c2cedff20999df2af8eb42d56 -> 
  custom:audio-encoder-webm-vorbis: bf7c407c2cedff20999df2af8eb42d56 -> 
========================================================================
Received Import Request.
  path: Assets/aSkBr.png
  artifactKey: Guid(6a08de362f2716e49909cc73a46961b5) Importer(815301076,1909f56bfc062723c751e8b465ee728b)
Start importing Assets/aSkBr.png using Guid(6a08de362f2716e49909cc73a46961b5) Importer(815301076,1909f56bfc062723c751e8b465ee728b)  -> (artifact id: '9134c5272897c78a0e2757c1c6c55fe5') in 0.169433 seconds 
  Import took 0.175829 seconds .

========================================================================
Received Import Request.
  Time since last request: 11.387991 seconds.
  path: Assets/Graphics
  artifactKey: Guid(340aee5309c3cdd4cb2b0d289e1dbcdf) Importer(815301076,1909f56bfc062723c751e8b465ee728b)
Start importing Assets/Graphics using Guid(340aee5309c3cdd4cb2b0d289e1dbcdf) Importer(815301076,1909f56bfc062723c751e8b465ee728b)  -> (artifact id: 'e7b49aaa38be4d0e64f230b38ba9632e') in 0.003079 seconds 
  Import took 0.008328 seconds .

========================================================================
Received Import Request.
  Time since last request: 42.776188 seconds.
  path: Assets/Graphics/aSkBr.png
  artifactKey: Guid(6a08de362f2716e49909cc73a46961b5) Importer(815301076,1909f56bfc062723c751e8b465ee728b)
Start importing Assets/Graphics/aSkBr.png using Guid(6a08de362f2716e49909cc73a46961b5) Importer(815301076,1909f56bfc062723c751e8b465ee728b)  -> (artifact id: '4efd40eda70d8aad4747300b275e27fa') in 0.035906 seconds 
  Import took 0.053668 seconds .

========================================================================
Received Import Request.
  Time since last request: 9.224870 seconds.
  path: Assets/Graphics/aSkBr.png
  artifactKey: Guid(6a08de362f2716e49909cc73a46961b5) Importer(815301076,1909f56bfc062723c751e8b465ee728b)
Start importing Assets/Graphics/aSkBr.png using Guid(6a08de362f2716e49909cc73a46961b5) Importer(815301076,1909f56bfc062723c751e8b465ee728b)  -> (artifact id: '843ea98239bb92c9f829b7433a336601') in 0.032504 seconds 
  Import took 0.046372 seconds .

========================================================================
Received Import Request.
  Time since last request: 116.745256 seconds.
  path: Assets/Graphics/aSkBr.png
  artifactKey: Guid(6a08de362f2716e49909cc73a46961b5) Importer(815301076,1909f56bfc062723c751e8b465ee728b)
Start importing Assets/Graphics/aSkBr.png using Guid(6a08de362f2716e49909cc73a46961b5) Importer(815301076,1909f56bfc062723c751e8b465ee728b)  -> (artifact id: '2f4f35f4c861625b1ebf11a2ebccbfc8') in 2.554413 seconds 
  Import took 2.574787 seconds .

========================================================================
Received Import Request.
  Time since last request: 41.615663 seconds.
  path: Assets/Graphics/aSkBr.png
  artifactKey: Guid(6a08de362f2716e49909cc73a46961b5) Importer(815301076,1909f56bfc062723c751e8b465ee728b)
Start importing Assets/Graphics/aSkBr.png using Guid(6a08de362f2716e49909cc73a46961b5) Importer(815301076,1909f56bfc062723c751e8b465ee728b)  -> (artifact id: 'ad20ba61801761d69361498d4ac6b7fb') in 0.075433 seconds 
  Import took 0.090867 seconds .

========================================================================
Received Import Request.
  Time since last request: 111.738430 seconds.
  path: Assets/Script
  artifactKey: Guid(939f56b0d261feb48bf30431500e253c) Importer(815301076,1909f56bfc062723c751e8b465ee728b)
Start importing Assets/Script using Guid(939f56b0d261feb48bf30431500e253c) Importer(815301076,1909f56bfc062723c751e8b465ee728b)  -> (artifact id: 'aa40ec5748614e94c10ed5ca4a76365a') in 0.003105 seconds 
  Import took 0.008746 seconds .

========================================================================
Received Import Request.
  Time since last request: 18.037332 seconds.
  path: Assets/Script/BasicMovement.cs
  artifactKey: Guid(be326441e2f6ead488bc30e8cd4eca75) Importer(815301076,1909f56bfc062723c751e8b465ee728b)
Start importing Assets/Script/BasicMovement.cs using Guid(be326441e2f6ead488bc30e8cd4eca75) Importer(815301076,1909f56bfc062723c751e8b465ee728b)  -> (artifact id: 'f0de069cf1555f0cb6bae9636e4c820f') in 0.027404 seconds 
  Import took 0.033761 seconds .

========================================================================
Received Prepare
Registering precompiled user dll's ...
Registered in 0.003503 seconds.
Begin MonoManager ReloadAssembly
Native extension for WindowsStandalone target not found
Native extension for WebGL target not found
Refreshing native plugins compatible for Editor in 1.87 ms, found 3 plugins.
Preloading 0 native plugins for Editor in 0.00 ms.
Mono: successfully reloaded assembly
- Completed reload, in  1.466 seconds
Domain Reload Profiling:
	ReloadAssembly (1467ms)
		BeginReloadAssembly (176ms)
			ExecutionOrderSort (0ms)
			DisableScriptedObjects (7ms)
			BackupInstance (0ms)
			ReleaseScriptingObjects (0ms)
			CreateAndSetChildDomain (42ms)
		EndReloadAssembly (1112ms)
			LoadAssemblies (173ms)
			RebuildTransferFunctionScriptingTraits (0ms)
			SetupTypeCache (490ms)
			ReleaseScriptCaches (1ms)
			RebuildScriptCaches (48ms)
			SetupLoadedEditorAssemblies (318ms)
				LogAssemblyErrors (0ms)
				InitializePlatformSupportModulesInManaged (11ms)
				SetLoadedEditorAssemblies (2ms)
				RefreshPlugins (2ms)
				BeforeProcessingInitializeOnLoad (78ms)
				ProcessInitializeOnLoadAttributes (214ms)
				ProcessInitializeOnLoadMethodAttributes (5ms)
				AfterProcessingInitializeOnLoad (6ms)
				EditorAssembliesLoaded (0ms)
			ExecutionOrderSort2 (0ms)
			AwakeInstancesAfterBackupRestoration (11ms)
Platform modules already initialized, skipping
Refreshing native plugins compatible for Editor in 0.45 ms, found 3 plugins.
Preloading 0 native plugins for Editor in 0.00 ms.
Unloading 2081 Unused Serialized files (Serialized files now loaded: 0)
System memory in use before: 95.9 MB.
System memory in use after: 96.0 MB.

Unloading 14 unused Assets to reduce memory usage. Loaded Objects now: 2551.
Total: 3.470600 ms (FindLiveObjects: 0.206300 ms CreateObjectMapping: 0.090400 ms MarkObjects: 3.154200 ms  DeleteObjects: 0.018500 ms)

AssetImportParameters requested are different than current active one (requested -> active):
  custom:framework-win-MediaFoundation: 216162199b28c13a410421893ffa2e32 -> 
  custom:video-decoder-ogg-theora: a1e56fd34408186e4bbccfd4996cb3dc -> 
  custom:container-muxer-webm: aa71ff27fc2769a1b78a27578f13a17b -> 
  custom:container-demuxer-webm: 4f35f7cbe854078d1ac9338744f61a02 -> 
  custom:container-demuxer-ogg: 62fdf1f143b41e24485cea50d1cbac27 -> 
  custom:video-encoder-webm-vp8: eb34c28f22e8b96e1ab97ce403110664 -> 
  custom:video-decoder-webm-vp8: 9c59270c3fd7afecdb556c50c9e8de78 -> 
  custom:audio-decoder-ogg-vorbis: bf7c407c2cedff20999df2af8eb42d56 -> 
  custom:audio-encoder-webm-vorbis: bf7c407c2cedff20999df2af8eb42d56 -> 
========================================================================
Received Import Request.
  Time since last request: 751.278828 seconds.
  path: Assets/Script/BasicMovement.cs
  artifactKey: Guid(be326441e2f6ead488bc30e8cd4eca75) Importer(815301076,1909f56bfc062723c751e8b465ee728b)
Start importing Assets/Script/BasicMovement.cs using Guid(be326441e2f6ead488bc30e8cd4eca75) Importer(815301076,1909f56bfc062723c751e8b465ee728b)  -> (artifact id: 'cd53ffb7b7710d25fa4ef9768b05590a') in 0.008868 seconds 
  Import took 0.016654 seconds .

========================================================================
Received Prepare
Registering precompiled user dll's ...
Registered in 0.004952 seconds.
Begin MonoManager ReloadAssembly
Native extension for WindowsStandalone target not found
Native extension for WebGL target not found
Refreshing native plugins compatible for Editor in 0.46 ms, found 3 plugins.
Preloading 0 native plugins for Editor in 0.00 ms.
Mono: successfully reloaded assembly
- Completed reload, in  0.952 seconds
Domain Reload Profiling:
	ReloadAssembly (953ms)
		BeginReloadAssembly (116ms)
			ExecutionOrderSort (0ms)
			DisableScriptedObjects (8ms)
			BackupInstance (0ms)
			ReleaseScriptingObjects (0ms)
			CreateAndSetChildDomain (36ms)
		EndReloadAssembly (772ms)
			LoadAssemblies (87ms)
			RebuildTransferFunctionScriptingTraits (0ms)
			SetupTypeCache (270ms)
			ReleaseScriptCaches (1ms)
			RebuildScriptCaches (41ms)
			SetupLoadedEditorAssemblies (274ms)
				LogAssemblyErrors (0ms)
				InitializePlatformSupportModulesInManaged (6ms)
				SetLoadedEditorAssemblies (0ms)
				RefreshPlugins (1ms)
				BeforeProcessingInitializeOnLoad (56ms)
				ProcessInitializeOnLoadAttributes (201ms)
				ProcessInitializeOnLoadMethodAttributes (5ms)
				AfterProcessingInitializeOnLoad (6ms)
				EditorAssembliesLoaded (0ms)
			ExecutionOrderSort2 (0ms)
			AwakeInstancesAfterBackupRestoration (10ms)
Platform modules already initialized, skipping
Refreshing native plugins compatible for Editor in 0.46 ms, found 3 plugins.
Preloading 0 native plugins for Editor in 0.00 ms.
Unloading 2081 Unused Serialized files (Serialized files now loaded: 0)
System memory in use before: 96.0 MB.
System memory in use after: 96.1 MB.

Unloading 14 unused Assets to reduce memory usage. Loaded Objects now: 2554.
Total: 3.084000 ms (FindLiveObjects: 0.225700 ms CreateObjectMapping: 0.081900 ms MarkObjects: 2.759100 ms  DeleteObjects: 0.016200 ms)

AssetImportParameters requested are different than current active one (requested -> active):
  custom:framework-win-MediaFoundation: 216162199b28c13a410421893ffa2e32 -> 
  custom:video-decoder-ogg-theora: a1e56fd34408186e4bbccfd4996cb3dc -> 
  custom:container-muxer-webm: aa71ff27fc2769a1b78a27578f13a17b -> 
  custom:container-demuxer-webm: 4f35f7cbe854078d1ac9338744f61a02 -> 
  custom:container-demuxer-ogg: 62fdf1f143b41e24485cea50d1cbac27 -> 
  custom:video-encoder-webm-vp8: eb34c28f22e8b96e1ab97ce403110664 -> 
  custom:video-decoder-webm-vp8: 9c59270c3fd7afecdb556c50c9e8de78 -> 
  custom:audio-decoder-ogg-vorbis: bf7c407c2cedff20999df2af8eb42d56 -> 
  custom:audio-encoder-webm-vorbis: bf7c407c2cedff20999df2af8eb42d56 -> 
========================================================================
Received Prepare
Registering precompiled user dll's ...
Registered in 0.003764 seconds.
Begin MonoManager ReloadAssembly
Native extension for WindowsStandalone target not found
Native extension for WebGL target not found
Refreshing native plugins compatible for Editor in 0.46 ms, found 3 plugins.
Preloading 0 native plugins for Editor in 0.00 ms.
Mono: successfully reloaded assembly
- Completed reload, in  0.972 seconds
Domain Reload Profiling:
	ReloadAssembly (972ms)
		BeginReloadAssembly (124ms)
			ExecutionOrderSort (0ms)
			DisableScriptedObjects (7ms)
			BackupInstance (0ms)
			ReleaseScriptingObjects (0ms)
			CreateAndSetChildDomain (38ms)
		EndReloadAssembly (787ms)
			LoadAssemblies (88ms)
			RebuildTransferFunctionScriptingTraits (0ms)
			SetupTypeCache (275ms)
			ReleaseScriptCaches (1ms)
			RebuildScriptCaches (43ms)
			SetupLoadedEditorAssemblies (283ms)
				LogAssemblyErrors (0ms)
				InitializePlatformSupportModulesInManaged (6ms)
				SetLoadedEditorAssemblies (0ms)
				RefreshPlugins (1ms)
				BeforeProcessingInitializeOnLoad (59ms)
				ProcessInitializeOnLoadAttributes (206ms)
				ProcessInitializeOnLoadMethodAttributes (5ms)
				AfterProcessingInitializeOnLoad (6ms)
				EditorAssembliesLoaded (0ms)
			ExecutionOrderSort2 (0ms)
			AwakeInstancesAfterBackupRestoration (10ms)
Platform modules already initialized, skipping
Refreshing native plugins compatible for Editor in 0.48 ms, found 3 plugins.
Preloading 0 native plugins for Editor in 0.00 ms.
Unloading 2081 Unused Serialized files (Serialized files now loaded: 0)
System memory in use before: 96.0 MB.
System memory in use after: 96.1 MB.

Unloading 14 unused Assets to reduce memory usage. Loaded Objects now: 2557.
Total: 3.286100 ms (FindLiveObjects: 0.388600 ms CreateObjectMapping: 0.103500 ms MarkObjects: 2.774800 ms  DeleteObjects: 0.018300 ms)

AssetImportParameters requested are different than current active one (requested -> active):
  custom:framework-win-MediaFoundation: 216162199b28c13a410421893ffa2e32 -> 
  custom:video-decoder-ogg-theora: a1e56fd34408186e4bbccfd4996cb3dc -> 
  custom:container-muxer-webm: aa71ff27fc2769a1b78a27578f13a17b -> 
  custom:container-demuxer-webm: 4f35f7cbe854078d1ac9338744f61a02 -> 
  custom:container-demuxer-ogg: 62fdf1f143b41e24485cea50d1cbac27 -> 
  custom:video-encoder-webm-vp8: eb34c28f22e8b96e1ab97ce403110664 -> 
  custom:video-decoder-webm-vp8: 9c59270c3fd7afecdb556c50c9e8de78 -> 
  custom:audio-decoder-ogg-vorbis: bf7c407c2cedff20999df2af8eb42d56 -> 
  custom:audio-encoder-webm-vorbis: bf7c407c2cedff20999df2af8eb42d56 -> 
========================================================================
Received Prepare
Registering precompiled user dll's ...
Registered in 0.002927 seconds.
Begin MonoManager ReloadAssembly
Native extension for WindowsStandalone target not found
Native extension for WebGL target not found
Refreshing native plugins compatible for Editor in 0.46 ms, found 3 plugins.
Preloading 0 native plugins for Editor in 0.00 ms.
Mono: successfully reloaded assembly
- Completed reload, in  1.010 seconds
Domain Reload Profiling:
	ReloadAssembly (1011ms)
		BeginReloadAssembly (118ms)
			ExecutionOrderSort (0ms)
			DisableScriptedObjects (6ms)
			BackupInstance (0ms)
			ReleaseScriptingObjects (0ms)
			CreateAndSetChildDomain (34ms)
		EndReloadAssembly (831ms)
			LoadAssemblies (92ms)
			RebuildTransferFunctionScriptingTraits (0ms)
			SetupTypeCache (276ms)
			ReleaseScriptCaches (1ms)
			RebuildScriptCaches (42ms)
			SetupLoadedEditorAssemblies (319ms)
				LogAssemblyErrors (0ms)
				InitializePlatformSupportModulesInManaged (6ms)
				SetLoadedEditorAssemblies (0ms)
				RefreshPlugins (1ms)
				BeforeProcessingInitializeOnLoad (64ms)
				ProcessInitializeOnLoadAttributes (236ms)
				ProcessInitializeOnLoadMethodAttributes (5ms)
				AfterProcessingInitializeOnLoad (6ms)
				EditorAssembliesLoaded (0ms)
			ExecutionOrderSort2 (0ms)
			AwakeInstancesAfterBackupRestoration (10ms)
Platform modules already initialized, skipping
Refreshing native plugins compatible for Editor in 0.46 ms, found 3 plugins.
Preloading 0 native plugins for Editor in 0.00 ms.
Unloading 2081 Unused Serialized files (Serialized files now loaded: 0)
System memory in use before: 96.0 MB.
System memory in use after: 96.1 MB.

Unloading 14 unused Assets to reduce memory usage. Loaded Objects now: 2560.
Total: 3.302800 ms (FindLiveObjects: 0.202900 ms CreateObjectMapping: 0.077400 ms MarkObjects: 3.001900 ms  DeleteObjects: 0.017000 ms)

AssetImportParameters requested are different than current active one (requested -> active):
  custom:framework-win-MediaFoundation: 216162199b28c13a410421893ffa2e32 -> 
  custom:video-decoder-ogg-theora: a1e56fd34408186e4bbccfd4996cb3dc -> 
  custom:container-muxer-webm: aa71ff27fc2769a1b78a27578f13a17b -> 
  custom:container-demuxer-webm: 4f35f7cbe854078d1ac9338744f61a02 -> 
  custom:container-demuxer-ogg: 62fdf1f143b41e24485cea50d1cbac27 -> 
  custom:video-encoder-webm-vp8: eb34c28f22e8b96e1ab97ce403110664 -> 
  custom:video-decoder-webm-vp8: 9c59270c3fd7afecdb556c50c9e8de78 -> 
  custom:audio-decoder-ogg-vorbis: bf7c407c2cedff20999df2af8eb42d56 -> 
  custom:audio-encoder-webm-vorbis: bf7c407c2cedff20999df2af8eb42d56 -> 
========================================================================
Received Import Request.
  Time since last request: 629.585401 seconds.
  path: Assets/Graphics/aSkBr_0.controller
  artifactKey: Guid(a71d868370c96d245a519e8b45995409) Importer(815301076,1909f56bfc062723c751e8b465ee728b)
Start importing Assets/Graphics/aSkBr_0.controller using Guid(a71d868370c96d245a519e8b45995409) Importer(815301076,1909f56bfc062723c751e8b465ee728b)  -> (artifact id: 'b36fe0d23905b7aee035ba4511968a6c') in 0.037953 seconds 
  Import took 0.045207 seconds .

========================================================================
Received Import Request.
  Time since last request: 16.551403 seconds.
  path: Assets/Graphics/RunLeft.anim
  artifactKey: Guid(6d91088cb383b1f4aac49b26797910a9) Importer(815301076,1909f56bfc062723c751e8b465ee728b)
Start importing Assets/Graphics/RunLeft.anim using Guid(6d91088cb383b1f4aac49b26797910a9) Importer(815301076,1909f56bfc062723c751e8b465ee728b)  -> (artifact id: '2be949759c9545c569e20f905f74a59f') in 0.005578 seconds 
  Import took 0.010414 seconds .

========================================================================
Received Import Request.
  Time since last request: 0.002145 seconds.
  path: Assets/Graphics/RunLeft.anim
  artifactKey: Guid(6d91088cb383b1f4aac49b26797910a9) Importer(815301076,1909f56bfc062723c751e8b465ee728b)
Start importing Assets/Graphics/RunLeft.anim using Guid(6d91088cb383b1f4aac49b26797910a9) Importer(815301076,1909f56bfc062723c751e8b465ee728b)  -> (artifact id: '2be949759c9545c569e20f905f74a59f') in 0.003272 seconds 
  Import took 0.007656 seconds .

========================================================================
Received Import Request.
  Time since last request: 1.092941 seconds.
  path: Assets/Graphics/RunRight.anim
  artifactKey: Guid(d3fbe456236515b42904be4ff684929b) Importer(815301076,1909f56bfc062723c751e8b465ee728b)
Start importing Assets/Graphics/RunRight.anim using Guid(d3fbe456236515b42904be4ff684929b) Importer(815301076,1909f56bfc062723c751e8b465ee728b)  -> (artifact id: '00bb5a700d5ae0ba315a5dab7b7b10c2') in 0.004330 seconds 
  Import took 0.015423 seconds .

========================================================================
Received Import Request.
  Time since last request: 77.858153 seconds.
  path: Assets/Scenes/SampleScene.unity
  artifactKey: Guid(2cda990e2423bbf4892e6590ba056729) Importer(815301076,1909f56bfc062723c751e8b465ee728b)
Start importing Assets/Scenes/SampleScene.unity using Guid(2cda990e2423bbf4892e6590ba056729) Importer(815301076,1909f56bfc062723c751e8b465ee728b)  -> (artifact id: 'aa27944bdea339c97c39027c7eea529c') in 0.004173 seconds 
  Import took 0.008630 seconds .

========================================================================
Received Prepare
Registering precompiled user dll's ...
Registered in 0.005403 seconds.
Begin MonoManager ReloadAssembly
Native extension for WindowsStandalone target not found
Native extension for WebGL target not found
Refreshing native plugins compatible for Editor in 0.47 ms, found 3 plugins.
Preloading 0 native plugins for Editor in 0.00 ms.
Mono: successfully reloaded assembly
- Completed reload, in  1.313 seconds
Domain Reload Profiling:
	ReloadAssembly (1313ms)
		BeginReloadAssembly (145ms)
			ExecutionOrderSort (0ms)
			DisableScriptedObjects (7ms)
			BackupInstance (0ms)
			ReleaseScriptingObjects (0ms)
			CreateAndSetChildDomain (48ms)
		EndReloadAssembly (1087ms)
			LoadAssemblies (113ms)
			RebuildTransferFunctionScriptingTraits (0ms)
			SetupTypeCache (382ms)
			ReleaseScriptCaches (1ms)
			RebuildScriptCaches (64ms)
			SetupLoadedEditorAssemblies (402ms)
				LogAssemblyErrors (0ms)
				InitializePlatformSupportModulesInManaged (6ms)
				SetLoadedEditorAssemblies (0ms)
				RefreshPlugins (1ms)
				BeforeProcessingInitializeOnLoad (78ms)
				ProcessInitializeOnLoadAttributes (304ms)
				ProcessInitializeOnLoadMethodAttributes (7ms)
				AfterProcessingInitializeOnLoad (6ms)
				EditorAssembliesLoaded (0ms)
			ExecutionOrderSort2 (0ms)
			AwakeInstancesAfterBackupRestoration (15ms)
Platform modules already initialized, skipping
Refreshing native plugins compatible for Editor in 0.47 ms, found 3 plugins.
Preloading 0 native plugins for Editor in 0.00 ms.
Unloading 2081 Unused Serialized files (Serialized files now loaded: 0)
System memory in use before: 96.1 MB.
System memory in use after: 96.2 MB.

Unloading 14 unused Assets to reduce memory usage. Loaded Objects now: 2563.
Total: 3.444500 ms (FindLiveObjects: 0.289800 ms CreateObjectMapping: 0.108000 ms MarkObjects: 3.023900 ms  DeleteObjects: 0.021500 ms)

AssetImportParameters requested are different than current active one (requested -> active):
  custom:framework-win-MediaFoundation: 216162199b28c13a410421893ffa2e32 -> 
  custom:video-decoder-ogg-theora: a1e56fd34408186e4bbccfd4996cb3dc -> 
  custom:container-muxer-webm: aa71ff27fc2769a1b78a27578f13a17b -> 
  custom:container-demuxer-webm: 4f35f7cbe854078d1ac9338744f61a02 -> 
  custom:container-demuxer-ogg: 62fdf1f143b41e24485cea50d1cbac27 -> 
  custom:video-encoder-webm-vp8: eb34c28f22e8b96e1ab97ce403110664 -> 
  custom:video-decoder-webm-vp8: 9c59270c3fd7afecdb556c50c9e8de78 -> 
  custom:audio-decoder-ogg-vorbis: bf7c407c2cedff20999df2af8eb42d56 -> 
  custom:audio-encoder-webm-vorbis: bf7c407c2cedff20999df2af8eb42d56 -> 
========================================================================
Received Import Request.
  Time since last request: 25.130614 seconds.
  path: Assets/Graphics/New Animation.anim
  artifactKey: Guid(deedb6067f0dfb544a1be001d7556b36) Importer(815301076,1909f56bfc062723c751e8b465ee728b)
Start importing Assets/Graphics/New Animation.anim using Guid(deedb6067f0dfb544a1be001d7556b36) Importer(815301076,1909f56bfc062723c751e8b465ee728b)  -> (artifact id: '696e631fe1f372d5e6b72a3fb740cd76') in 0.013186 seconds 
  Import took 0.017986 seconds .

========================================================================
Received Import Request.
  Time since last request: 76.249892 seconds.
  path: Assets/Graphics/Idle.anim
  artifactKey: Guid(36294bf1848f6bc429eb3f6c5b0aef8b) Importer(815301076,1909f56bfc062723c751e8b465ee728b)
Start importing Assets/Graphics/Idle.anim using Guid(36294bf1848f6bc429eb3f6c5b0aef8b) Importer(815301076,1909f56bfc062723c751e8b465ee728b)  -> (artifact id: '5ad4c7194111896177ade094f66afa36') in 0.003316 seconds 
  Import took 0.019204 seconds .

========================================================================
Received Import Request.
  Time since last request: 0.001577 seconds.
  path: Assets/Graphics/Idle.anim
  artifactKey: Guid(36294bf1848f6bc429eb3f6c5b0aef8b) Importer(815301076,1909f56bfc062723c751e8b465ee728b)
Start importing Assets/Graphics/Idle.anim using Guid(36294bf1848f6bc429eb3f6c5b0aef8b) Importer(815301076,1909f56bfc062723c751e8b465ee728b)  -> (artifact id: '5ad4c7194111896177ade094f66afa36') in 0.003351 seconds 
  Import took 0.007205 seconds .

========================================================================
Received Import Request.
  Time since last request: 660.744296 seconds.
  path: Assets/Animator
  artifactKey: Guid(cbccc9c1ae5f1c24384e6085202bc623) Importer(815301076,1909f56bfc062723c751e8b465ee728b)
Start importing Assets/Animator using Guid(cbccc9c1ae5f1c24384e6085202bc623) Importer(815301076,1909f56bfc062723c751e8b465ee728b)  -> (artifact id: '81b4145b82cfcea06ad2b3d435324917') in 0.004042 seconds 
  Import took 0.009687 seconds .

========================================================================
Received Import Request.
  Time since last request: 30.060304 seconds.
  path: Assets/Animator/aSkBr_0.controller
  artifactKey: Guid(a71d868370c96d245a519e8b45995409) Importer(815301076,1909f56bfc062723c751e8b465ee728b)
Start importing Assets/Animator/aSkBr_0.controller using Guid(a71d868370c96d245a519e8b45995409) Importer(815301076,1909f56bfc062723c751e8b465ee728b)  -> (artifact id: '52c88d482cb882c7c1946f13d81ab7ee') in 0.006112 seconds 
  Import took 0.011257 seconds .

========================================================================
Received Prepare
Registering precompiled user dll's ...
Registered in 0.003442 seconds.
Begin MonoManager ReloadAssembly
Native extension for WindowsStandalone target not found
Native extension for WebGL target not found
Refreshing native plugins compatible for Editor in 0.47 ms, found 3 plugins.
Preloading 0 native plugins for Editor in 0.00 ms.
Mono: successfully reloaded assembly
- Completed reload, in  0.959 seconds
Domain Reload Profiling:
	ReloadAssembly (960ms)
		BeginReloadAssembly (124ms)
			ExecutionOrderSort (0ms)
			DisableScriptedObjects (6ms)
			BackupInstance (0ms)
			ReleaseScriptingObjects (0ms)
			CreateAndSetChildDomain (36ms)
		EndReloadAssembly (772ms)
			LoadAssemblies (93ms)
			RebuildTransferFunctionScriptingTraits (0ms)
			SetupTypeCache (270ms)
			ReleaseScriptCaches (1ms)
			RebuildScriptCaches (41ms)
			SetupLoadedEditorAssemblies (273ms)
				LogAssemblyErrors (0ms)
				InitializePlatformSupportModulesInManaged (6ms)
				SetLoadedEditorAssemblies (0ms)
				RefreshPlugins (1ms)
				BeforeProcessingInitializeOnLoad (57ms)
				ProcessInitializeOnLoadAttributes (199ms)
				ProcessInitializeOnLoadMethodAttributes (5ms)
				AfterProcessingInitializeOnLoad (6ms)
				EditorAssembliesLoaded (0ms)
			ExecutionOrderSort2 (0ms)
			AwakeInstancesAfterBackupRestoration (10ms)
Platform modules already initialized, skipping
Refreshing native plugins compatible for Editor in 0.48 ms, found 3 plugins.
Preloading 0 native plugins for Editor in 0.00 ms.
Unloading 2081 Unused Serialized files (Serialized files now loaded: 0)
System memory in use before: 96.1 MB.
System memory in use after: 96.2 MB.

Unloading 14 unused Assets to reduce memory usage. Loaded Objects now: 2566.
Total: 3.334300 ms (FindLiveObjects: 0.207500 ms CreateObjectMapping: 0.075600 ms MarkObjects: 2.988200 ms  DeleteObjects: 0.062000 ms)

AssetImportParameters requested are different than current active one (requested -> active):
  custom:framework-win-MediaFoundation: 216162199b28c13a410421893ffa2e32 -> 
  custom:video-decoder-ogg-theora: a1e56fd34408186e4bbccfd4996cb3dc -> 
  custom:container-muxer-webm: aa71ff27fc2769a1b78a27578f13a17b -> 
  custom:container-demuxer-webm: 4f35f7cbe854078d1ac9338744f61a02 -> 
  custom:container-demuxer-ogg: 62fdf1f143b41e24485cea50d1cbac27 -> 
  custom:video-encoder-webm-vp8: eb34c28f22e8b96e1ab97ce403110664 -> 
  custom:video-decoder-webm-vp8: 9c59270c3fd7afecdb556c50c9e8de78 -> 
  custom:audio-decoder-ogg-vorbis: bf7c407c2cedff20999df2af8eb42d56 -> 
  custom:audio-encoder-webm-vorbis: bf7c407c2cedff20999df2af8eb42d56 -> 
========================================================================
Received Prepare
Registering precompiled user dll's ...
Registered in 0.003511 seconds.
Begin MonoManager ReloadAssembly
Native extension for WindowsStandalone target not found
Native extension for WebGL target not found
Refreshing native plugins compatible for Editor in 0.77 ms, found 3 plugins.
Preloading 0 native plugins for Editor in 0.00 ms.
Mono: successfully reloaded assembly
- Completed reload, in  1.344 seconds
Domain Reload Profiling:
	ReloadAssembly (1345ms)
		BeginReloadAssembly (204ms)
			ExecutionOrderSort (0ms)
			DisableScriptedObjects (6ms)
			BackupInstance (0ms)
			ReleaseScriptingObjects (0ms)
			CreateAndSetChildDomain (32ms)
		EndReloadAssembly (1082ms)
			LoadAssemblies (215ms)
			RebuildTransferFunctionScriptingTraits (0ms)
			SetupTypeCache (382ms)
			ReleaseScriptCaches (1ms)
			RebuildScriptCaches (57ms)
			SetupLoadedEditorAssemblies (379ms)
				LogAssemblyErrors (0ms)
				InitializePlatformSupportModulesInManaged (8ms)
				SetLoadedEditorAssemblies (1ms)
				RefreshPlugins (1ms)
				BeforeProcessingInitializeOnLoad (76ms)
				ProcessInitializeOnLoadAttributes (279ms)
				ProcessInitializeOnLoadMethodAttributes (6ms)
				AfterProcessingInitializeOnLoad (7ms)
				EditorAssembliesLoaded (0ms)
			ExecutionOrderSort2 (0ms)
			AwakeInstancesAfterBackupRestoration (16ms)
Platform modules already initialized, skipping
Refreshing native plugins compatible for Editor in 0.97 ms, found 3 plugins.
Preloading 0 native plugins for Editor in 0.00 ms.
Unloading 2081 Unused Serialized files (Serialized files now loaded: 0)
System memory in use before: 96.1 MB.
System memory in use after: 96.2 MB.

Unloading 14 unused Assets to reduce memory usage. Loaded Objects now: 2569.
Total: 4.102700 ms (FindLiveObjects: 0.236300 ms CreateObjectMapping: 0.134900 ms MarkObjects: 3.697900 ms  DeleteObjects: 0.032200 ms)

AssetImportParameters requested are different than current active one (requested -> active):
  custom:framework-win-MediaFoundation: 216162199b28c13a410421893ffa2e32 -> 
  custom:video-decoder-ogg-theora: a1e56fd34408186e4bbccfd4996cb3dc -> 
  custom:container-muxer-webm: aa71ff27fc2769a1b78a27578f13a17b -> 
  custom:container-demuxer-webm: 4f35f7cbe854078d1ac9338744f61a02 -> 
  custom:container-demuxer-ogg: 62fdf1f143b41e24485cea50d1cbac27 -> 
  custom:video-encoder-webm-vp8: eb34c28f22e8b96e1ab97ce403110664 -> 
  custom:video-decoder-webm-vp8: 9c59270c3fd7afecdb556c50c9e8de78 -> 
  custom:audio-decoder-ogg-vorbis: bf7c407c2cedff20999df2af8eb42d56 -> 
  custom:audio-encoder-webm-vorbis: bf7c407c2cedff20999df2af8eb42d56 -> 
========================================================================
Received Import Request.
  Time since last request: 1165.587000 seconds.
  path: Assets/Graphics/Idle.png
  artifactKey: Guid(348054b5f245f9a44819dad1b6535e66) Importer(815301076,1909f56bfc062723c751e8b465ee728b)
Start importing Assets/Graphics/Idle.png using Guid(348054b5f245f9a44819dad1b6535e66) Importer(815301076,1909f56bfc062723c751e8b465ee728b)  -> (artifact id: '1020307e1c5c7518cf4c85bb2c5461a9') in 0.083467 seconds 
  Import took 0.089684 seconds .

========================================================================
Received Import Request.
  Time since last request: 84.452299 seconds.
  path: Assets/Graphics/Idle.png
  artifactKey: Guid(348054b5f245f9a44819dad1b6535e66) Importer(815301076,1909f56bfc062723c751e8b465ee728b)
Start importing Assets/Graphics/Idle.png using Guid(348054b5f245f9a44819dad1b6535e66) Importer(815301076,1909f56bfc062723c751e8b465ee728b)  -> (artifact id: 'd3c0dbefdf22ea2e95e25ea5e0d5cd3c') in 0.008824 seconds 
  Import took 0.016215 seconds .

========================================================================
Received Import Request.
  Time since last request: 0.008512 seconds.
  path: Assets/Graphics/Idle.png
  artifactKey: Guid(348054b5f245f9a44819dad1b6535e66) Importer(815301076,1909f56bfc062723c751e8b465ee728b)
Start importing Assets/Graphics/Idle.png using Guid(348054b5f245f9a44819dad1b6535e66) Importer(815301076,1909f56bfc062723c751e8b465ee728b)  -> (artifact id: 'd3c0dbefdf22ea2e95e25ea5e0d5cd3c') in 0.019891 seconds 
  Import took 0.024663 seconds .

========================================================================
Received Prepare
Registering precompiled user dll's ...
Registered in 0.002993 seconds.
Begin MonoManager ReloadAssembly
Native extension for WindowsStandalone target not found
Native extension for WebGL target not found
Refreshing native plugins compatible for Editor in 0.42 ms, found 3 plugins.
Preloading 0 native plugins for Editor in 0.00 ms.
Mono: successfully reloaded assembly
- Completed reload, in  0.975 seconds
Domain Reload Profiling:
	ReloadAssembly (976ms)
		BeginReloadAssembly (111ms)
			ExecutionOrderSort (0ms)
			DisableScriptedObjects (6ms)
			BackupInstance (0ms)
			ReleaseScriptingObjects (0ms)
			CreateAndSetChildDomain (35ms)
		EndReloadAssembly (783ms)
			LoadAssemblies (88ms)
			RebuildTransferFunctionScriptingTraits (0ms)
			SetupTypeCache (275ms)
			ReleaseScriptCaches (1ms)
			RebuildScriptCaches (41ms)
			SetupLoadedEditorAssemblies (281ms)
				LogAssemblyErrors (0ms)
				InitializePlatformSupportModulesInManaged (8ms)
				SetLoadedEditorAssemblies (0ms)
				RefreshPlugins (0ms)
				BeforeProcessingInitializeOnLoad (57ms)
				ProcessInitializeOnLoadAttributes (203ms)
				ProcessInitializeOnLoadMethodAttributes (5ms)
				AfterProcessingInitializeOnLoad (6ms)
				EditorAssembliesLoaded (0ms)
			ExecutionOrderSort2 (0ms)
			AwakeInstancesAfterBackupRestoration (10ms)
Platform modules already initialized, skipping
Refreshing native plugins compatible for Editor in 0.43 ms, found 3 plugins.
Preloading 0 native plugins for Editor in 0.00 ms.
Unloading 2081 Unused Serialized files (Serialized files now loaded: 0)
System memory in use before: 96.1 MB.
System memory in use after: 96.2 MB.

Unloading 14 unused Assets to reduce memory usage. Loaded Objects now: 2575.
Total: 3.329500 ms (FindLiveObjects: 0.208700 ms CreateObjectMapping: 0.093500 ms MarkObjects: 2.974000 ms  DeleteObjects: 0.051900 ms)

AssetImportParameters requested are different than current active one (requested -> active):
  custom:framework-win-MediaFoundation: 216162199b28c13a410421893ffa2e32 -> 
  custom:video-decoder-ogg-theora: a1e56fd34408186e4bbccfd4996cb3dc -> 
  custom:container-muxer-webm: aa71ff27fc2769a1b78a27578f13a17b -> 
  custom:container-demuxer-webm: 4f35f7cbe854078d1ac9338744f61a02 -> 
  custom:container-demuxer-ogg: 62fdf1f143b41e24485cea50d1cbac27 -> 
  custom:video-encoder-webm-vp8: eb34c28f22e8b96e1ab97ce403110664 -> 
  custom:video-decoder-webm-vp8: 9c59270c3fd7afecdb556c50c9e8de78 -> 
  custom:audio-decoder-ogg-vorbis: bf7c407c2cedff20999df2af8eb42d56 -> 
  custom:audio-encoder-webm-vorbis: bf7c407c2cedff20999df2af8eb42d56 -> 
========================================================================
Received Import Request.
  Time since last request: 63.332164 seconds.
  path: Assets/Graphics/Idle.png
  artifactKey: Guid(348054b5f245f9a44819dad1b6535e66) Importer(815301076,1909f56bfc062723c751e8b465ee728b)
Start importing Assets/Graphics/Idle.png using Guid(348054b5f245f9a44819dad1b6535e66) Importer(815301076,1909f56bfc062723c751e8b465ee728b)  -> (artifact id: 'c4fde485b1218d6db628b747f566ffa3') in 0.062359 seconds 
  Import took 0.066633 seconds .

========================================================================
Received Import Request.
  Time since last request: 129.419673 seconds.
  path: Assets/Graphics/Run.png
  artifactKey: Guid(634ef731218a4ec46939a871af1f69ca) Importer(815301076,1909f56bfc062723c751e8b465ee728b)
Start importing Assets/Graphics/Run.png using Guid(634ef731218a4ec46939a871af1f69ca) Importer(815301076,1909f56bfc062723c751e8b465ee728b)  -> (artifact id: 'fb67b3f22cf5e65acc8470afc6ddb940') in 0.019041 seconds 
  Import took 0.024305 seconds .

========================================================================
Received Import Request.
  Time since last request: 0.000568 seconds.
  path: Assets/Graphics/Run.png
  artifactKey: Guid(634ef731218a4ec46939a871af1f69ca) Importer(815301076,1909f56bfc062723c751e8b465ee728b)
Start importing Assets/Graphics/Run.png using Guid(634ef731218a4ec46939a871af1f69ca) Importer(815301076,1909f56bfc062723c751e8b465ee728b)  -> (artifact id: 'fb67b3f22cf5e65acc8470afc6ddb940') in 0.012024 seconds 
  Import took 0.016344 seconds .

========================================================================
Received Import Request.
  Time since last request: 12.694574 seconds.
  path: Assets/Graphics/RunRight.png
  artifactKey: Guid(634ef731218a4ec46939a871af1f69ca) Importer(815301076,1909f56bfc062723c751e8b465ee728b)
Start importing Assets/Graphics/RunRight.png using Guid(634ef731218a4ec46939a871af1f69ca) Importer(815301076,1909f56bfc062723c751e8b465ee728b)  -> (artifact id: 'eaf267d7e1d7c838c6cedca63ab4aeb6') in 0.013964 seconds 
  Import took 0.019070 seconds .

========================================================================
Received Import Request.
  Time since last request: 0.003899 seconds.
  path: Assets/Graphics/RunRight.png
  artifactKey: Guid(634ef731218a4ec46939a871af1f69ca) Importer(815301076,1909f56bfc062723c751e8b465ee728b)
Start importing Assets/Graphics/RunRight.png using Guid(634ef731218a4ec46939a871af1f69ca) Importer(815301076,1909f56bfc062723c751e8b465ee728b)  -> (artifact id: 'eaf267d7e1d7c838c6cedca63ab4aeb6') in 0.022440 seconds 
  Import took 0.026517 seconds .

========================================================================
Received Import Request.
  Time since last request: 31.246623 seconds.
  path: Assets/Graphics/RunLeft.png
  artifactKey: Guid(277829abedb9be047abb3035ab5ce166) Importer(815301076,1909f56bfc062723c751e8b465ee728b)
Start importing Assets/Graphics/RunLeft.png using Guid(277829abedb9be047abb3035ab5ce166) Importer(815301076,1909f56bfc062723c751e8b465ee728b)  -> (artifact id: 'cd4f36a856773ff32c2adf73d06b26af') in 0.022972 seconds 
  Import took 0.027056 seconds .

========================================================================
Received Import Request.
  Time since last request: 22.131278 seconds.
  path: Assets/Graphics/RunLeft.png
  artifactKey: Guid(277829abedb9be047abb3035ab5ce166) Importer(815301076,1909f56bfc062723c751e8b465ee728b)
Start importing Assets/Graphics/RunLeft.png using Guid(277829abedb9be047abb3035ab5ce166) Importer(815301076,1909f56bfc062723c751e8b465ee728b)  -> (artifact id: '4f206ecb7cfce63a565a7652031cb073') in 0.016714 seconds 
  Import took 0.020573 seconds .

========================================================================
Received Import Request.
  Time since last request: 7.728993 seconds.
  path: Assets/Graphics/RunLeft.png
  artifactKey: Guid(277829abedb9be047abb3035ab5ce166) Importer(815301076,1909f56bfc062723c751e8b465ee728b)
Start importing Assets/Graphics/RunLeft.png using Guid(277829abedb9be047abb3035ab5ce166) Importer(815301076,1909f56bfc062723c751e8b465ee728b)  -> (artifact id: '048a80c4ba20240137e3772754df47f3') in 0.052658 seconds 
  Import took 0.056805 seconds .

========================================================================
Received Import Request.
  Time since last request: 9.942593 seconds.
  path: Assets/Graphics/RunRight.png
  artifactKey: Guid(634ef731218a4ec46939a871af1f69ca) Importer(815301076,1909f56bfc062723c751e8b465ee728b)
Start importing Assets/Graphics/RunRight.png using Guid(634ef731218a4ec46939a871af1f69ca) Importer(815301076,1909f56bfc062723c751e8b465ee728b)  -> (artifact id: 'b02ec4866042f8eb96db80256cbb6ac9') in 0.014148 seconds 
  Import took 0.018733 seconds .

========================================================================
Received Import Request.
  Time since last request: 0.013331 seconds.
  path: Assets/Graphics/RunRight.png
  artifactKey: Guid(634ef731218a4ec46939a871af1f69ca) Importer(815301076,1909f56bfc062723c751e8b465ee728b)
Start importing Assets/Graphics/RunRight.png using Guid(634ef731218a4ec46939a871af1f69ca) Importer(815301076,1909f56bfc062723c751e8b465ee728b)  -> (artifact id: 'b02ec4866042f8eb96db80256cbb6ac9') in 0.011621 seconds 
  Import took 0.015995 seconds .

========================================================================
Received Import Request.
  Time since last request: 5.447070 seconds.
  path: Assets/Graphics/RunRight.png
  artifactKey: Guid(634ef731218a4ec46939a871af1f69ca) Importer(815301076,1909f56bfc062723c751e8b465ee728b)
Start importing Assets/Graphics/RunRight.png using Guid(634ef731218a4ec46939a871af1f69ca) Importer(815301076,1909f56bfc062723c751e8b465ee728b)  -> (artifact id: 'f20dc14c6e4850dce52eef7946096175') in 0.057704 seconds 
  Import took 0.061992 seconds .

========================================================================
Received Import Request.
  Time since last request: 96.644401 seconds.
  path: Assets/Animator/Idle.anim
  artifactKey: Guid(36294bf1848f6bc429eb3f6c5b0aef8b) Importer(815301076,1909f56bfc062723c751e8b465ee728b)
Start importing Assets/Animator/Idle.anim using Guid(36294bf1848f6bc429eb3f6c5b0aef8b) Importer(815301076,1909f56bfc062723c751e8b465ee728b)  -> (artifact id: '378925db25ca23b2d7a336539b8ef845') in 0.003418 seconds 
  Import took 0.006862 seconds .

========================================================================
Received Import Request.
  Time since last request: 0.000974 seconds.
  path: Assets/Animator/Idle.anim
  artifactKey: Guid(36294bf1848f6bc429eb3f6c5b0aef8b) Importer(815301076,1909f56bfc062723c751e8b465ee728b)
Start importing Assets/Animator/Idle.anim using Guid(36294bf1848f6bc429eb3f6c5b0aef8b) Importer(815301076,1909f56bfc062723c751e8b465ee728b)  -> (artifact id: '378925db25ca23b2d7a336539b8ef845') in 0.003263 seconds 
  Import took 0.006832 seconds .

========================================================================
Received Import Request.
  Time since last request: 0.476659 seconds.
  path: Assets/Animator/RunLeft.anim
  artifactKey: Guid(6d91088cb383b1f4aac49b26797910a9) Importer(815301076,1909f56bfc062723c751e8b465ee728b)
Start importing Assets/Animator/RunLeft.anim using Guid(6d91088cb383b1f4aac49b26797910a9) Importer(815301076,1909f56bfc062723c751e8b465ee728b)  -> (artifact id: '2d4def5a6df14b3935abd218a0720809') in 0.005653 seconds 
  Import took 0.009554 seconds .

========================================================================
Received Import Request.
  Time since last request: 0.674372 seconds.
  path: Assets/Animator/RunRight.anim
  artifactKey: Guid(d3fbe456236515b42904be4ff684929b) Importer(815301076,1909f56bfc062723c751e8b465ee728b)
Start importing Assets/Animator/RunRight.anim using Guid(d3fbe456236515b42904be4ff684929b) Importer(815301076,1909f56bfc062723c751e8b465ee728b)  -> (artifact id: '1301859312ee4f2ed81a3a9ca0359d03') in 0.004890 seconds 
  Import took 0.008925 seconds .

========================================================================
Received Import Request.
  Time since last request: 15.045200 seconds.
  path: Assets/Animator/char1.controller
  artifactKey: Guid(a71d868370c96d245a519e8b45995409) Importer(815301076,1909f56bfc062723c751e8b465ee728b)
Start importing Assets/Animator/char1.controller using Guid(a71d868370c96d245a519e8b45995409) Importer(815301076,1909f56bfc062723c751e8b465ee728b)  -> (artifact id: '6ec2f8b93605a0b13ba31b3cfd0d16c4') in 0.006174 seconds 
  Import took 0.010575 seconds .

========================================================================
Received Import Request.
  Time since last request: 49.109148 seconds.
  path: Assets/Script/BasicMovement.cs
  artifactKey: Guid(be326441e2f6ead488bc30e8cd4eca75) Importer(815301076,1909f56bfc062723c751e8b465ee728b)
Start importing Assets/Script/BasicMovement.cs using Guid(be326441e2f6ead488bc30e8cd4eca75) Importer(815301076,1909f56bfc062723c751e8b465ee728b)  -> (artifact id: 'ffe18df4843c13b06fe6ed27e09fcf5b') in 0.002299 seconds 
  Import took 0.006286 seconds .

========================================================================
Received Import Request.
  Time since last request: 0.028655 seconds.
  path: Assets/Script/BasicMovement.cs
  artifactKey: Guid(be326441e2f6ead488bc30e8cd4eca75) Importer(815301076,1909f56bfc062723c751e8b465ee728b)
Start importing Assets/Script/BasicMovement.cs using Guid(be326441e2f6ead488bc30e8cd4eca75) Importer(815301076,1909f56bfc062723c751e8b465ee728b)  -> (artifact id: 'ffe18df4843c13b06fe6ed27e09fcf5b') in 0.002936 seconds 
  Import took 0.006514 seconds .

========================================================================
Received Prepare
Registering precompiled user dll's ...
Registered in 0.004772 seconds.
Begin MonoManager ReloadAssembly
Native extension for WindowsStandalone target not found
Native extension for WebGL target not found
Refreshing native plugins compatible for Editor in 0.45 ms, found 3 plugins.
Preloading 0 native plugins for Editor in 0.00 ms.
Mono: successfully reloaded assembly
- Completed reload, in  0.968 seconds
Domain Reload Profiling:
	ReloadAssembly (968ms)
		BeginReloadAssembly (108ms)
			ExecutionOrderSort (0ms)
			DisableScriptedObjects (6ms)
			BackupInstance (0ms)
			ReleaseScriptingObjects (0ms)
			CreateAndSetChildDomain (34ms)
		EndReloadAssembly (798ms)
			LoadAssemblies (87ms)
			RebuildTransferFunctionScriptingTraits (0ms)
			SetupTypeCache (274ms)
			ReleaseScriptCaches (1ms)
			RebuildScriptCaches (41ms)
			SetupLoadedEditorAssemblies (298ms)
				LogAssemblyErrors (0ms)
				InitializePlatformSupportModulesInManaged (6ms)
				SetLoadedEditorAssemblies (0ms)
				RefreshPlugins (1ms)
				BeforeProcessingInitializeOnLoad (56ms)
				ProcessInitializeOnLoadAttributes (225ms)
				ProcessInitializeOnLoadMethodAttributes (5ms)
				AfterProcessingInitializeOnLoad (6ms)
				EditorAssembliesLoaded (0ms)
			ExecutionOrderSort2 (0ms)
			AwakeInstancesAfterBackupRestoration (10ms)
Platform modules already initialized, skipping
Refreshing native plugins compatible for Editor in 0.49 ms, found 3 plugins.
Preloading 0 native plugins for Editor in 0.00 ms.
Unloading 2081 Unused Serialized files (Serialized files now loaded: 0)
System memory in use before: 96.1 MB.
System memory in use after: 96.3 MB.

Unloading 14 unused Assets to reduce memory usage. Loaded Objects now: 2599.
Total: 3.045600 ms (FindLiveObjects: 0.202900 ms CreateObjectMapping: 0.079900 ms MarkObjects: 2.745800 ms  DeleteObjects: 0.016000 ms)

AssetImportParameters requested are different than current active one (requested -> active):
  custom:framework-win-MediaFoundation: 216162199b28c13a410421893ffa2e32 -> 
  custom:video-decoder-ogg-theora: a1e56fd34408186e4bbccfd4996cb3dc -> 
  custom:container-muxer-webm: aa71ff27fc2769a1b78a27578f13a17b -> 
  custom:container-demuxer-webm: 4f35f7cbe854078d1ac9338744f61a02 -> 
  custom:container-demuxer-ogg: 62fdf1f143b41e24485cea50d1cbac27 -> 
  custom:video-encoder-webm-vp8: eb34c28f22e8b96e1ab97ce403110664 -> 
  custom:video-decoder-webm-vp8: 9c59270c3fd7afecdb556c50c9e8de78 -> 
  custom:audio-decoder-ogg-vorbis: bf7c407c2cedff20999df2af8eb42d56 -> 
  custom:audio-encoder-webm-vorbis: bf7c407c2cedff20999df2af8eb42d56 -> 
========================================================================
Received Import Request.
  Time since last request: 12.414713 seconds.
  path: Assets/Script/BasicMovement.cs
  artifactKey: Guid(be326441e2f6ead488bc30e8cd4eca75) Importer(815301076,1909f56bfc062723c751e8b465ee728b)
Start importing Assets/Script/BasicMovement.cs using Guid(be326441e2f6ead488bc30e8cd4eca75) Importer(815301076,1909f56bfc062723c751e8b465ee728b)  -> (artifact id: 'd8b8712907ff6ae74dd888ce506c1181') in 0.006215 seconds 
  Import took 0.010428 seconds .

========================================================================
Received Prepare
Registering precompiled user dll's ...
Registered in 0.003990 seconds.
Begin MonoManager ReloadAssembly
Native extension for WindowsStandalone target not found
Native extension for WebGL target not found
Refreshing native plugins compatible for Editor in 1.00 ms, found 3 plugins.
Preloading 0 native plugins for Editor in 0.00 ms.
Mono: successfully reloaded assembly
- Completed reload, in  1.471 seconds
Domain Reload Profiling:
	ReloadAssembly (1471ms)
		BeginReloadAssembly (159ms)
			ExecutionOrderSort (0ms)
			DisableScriptedObjects (9ms)
			BackupInstance (0ms)
			ReleaseScriptingObjects (0ms)
			CreateAndSetChildDomain (56ms)
		EndReloadAssembly (1223ms)
			LoadAssemblies (132ms)
			RebuildTransferFunctionScriptingTraits (0ms)
			SetupTypeCache (440ms)
			ReleaseScriptCaches (2ms)
			RebuildScriptCaches (65ms)
			SetupLoadedEditorAssemblies (439ms)
				LogAssemblyErrors (0ms)
				InitializePlatformSupportModulesInManaged (10ms)
				SetLoadedEditorAssemblies (1ms)
				RefreshPlugins (1ms)
				BeforeProcessingInitializeOnLoad (86ms)
				ProcessInitializeOnLoadAttributes (322ms)
				ProcessInitializeOnLoadMethodAttributes (8ms)
				AfterProcessingInitializeOnLoad (10ms)
				EditorAssembliesLoaded (0ms)
			ExecutionOrderSort2 (0ms)
			AwakeInstancesAfterBackupRestoration (16ms)
Platform modules already initialized, skipping
Refreshing native plugins compatible for Editor in 1.16 ms, found 3 plugins.
Preloading 0 native plugins for Editor in 0.00 ms.
Unloading 2081 Unused Serialized files (Serialized files now loaded: 0)
System memory in use before: 96.1 MB.
System memory in use after: 96.3 MB.

Unloading 14 unused Assets to reduce memory usage. Loaded Objects now: 2602.
Total: 5.788300 ms (FindLiveObjects: 0.514000 ms CreateObjectMapping: 0.204200 ms MarkObjects: 5.017200 ms  DeleteObjects: 0.050600 ms)

AssetImportParameters requested are different than current active one (requested -> active):
  custom:framework-win-MediaFoundation: 216162199b28c13a410421893ffa2e32 -> 
  custom:video-decoder-ogg-theora: a1e56fd34408186e4bbccfd4996cb3dc -> 
  custom:container-muxer-webm: aa71ff27fc2769a1b78a27578f13a17b -> 
  custom:container-demuxer-webm: 4f35f7cbe854078d1ac9338744f61a02 -> 
  custom:container-demuxer-ogg: 62fdf1f143b41e24485cea50d1cbac27 -> 
  custom:video-encoder-webm-vp8: eb34c28f22e8b96e1ab97ce403110664 -> 
  custom:video-decoder-webm-vp8: 9c59270c3fd7afecdb556c50c9e8de78 -> 
  custom:audio-decoder-ogg-vorbis: bf7c407c2cedff20999df2af8eb42d56 -> 
  custom:audio-encoder-webm-vorbis: bf7c407c2cedff20999df2af8eb42d56 -> 
========================================================================
Received Prepare
Registering precompiled user dll's ...
Registered in 0.002994 seconds.
Begin MonoManager ReloadAssembly
Native extension for WindowsStandalone target not found
Native extension for WebGL target not found
Refreshing native plugins compatible for Editor in 0.76 ms, found 3 plugins.
Preloading 0 native plugins for Editor in 0.00 ms.
Mono: successfully reloaded assembly
- Completed reload, in  1.296 seconds
Domain Reload Profiling:
	ReloadAssembly (1296ms)
		BeginReloadAssembly (105ms)
			ExecutionOrderSort (0ms)
			DisableScriptedObjects (6ms)
			BackupInstance (0ms)
			ReleaseScriptingObjects (0ms)
			CreateAndSetChildDomain (33ms)
		EndReloadAssembly (1124ms)
			LoadAssemblies (110ms)
			RebuildTransferFunctionScriptingTraits (0ms)
			SetupTypeCache (395ms)
			ReleaseScriptCaches (2ms)
			RebuildScriptCaches (59ms)
			SetupLoadedEditorAssemblies (411ms)
				LogAssemblyErrors (0ms)
				InitializePlatformSupportModulesInManaged (8ms)
				SetLoadedEditorAssemblies (1ms)
				RefreshPlugins (1ms)
				BeforeProcessingInitializeOnLoad (85ms)
				ProcessInitializeOnLoadAttributes (300ms)
				ProcessInitializeOnLoadMethodAttributes (7ms)
				AfterProcessingInitializeOnLoad (8ms)
				EditorAssembliesLoaded (1ms)
			ExecutionOrderSort2 (0ms)
			AwakeInstancesAfterBackupRestoration (15ms)
Platform modules already initialized, skipping
Refreshing native plugins compatible for Editor in 1.00 ms, found 3 plugins.
Preloading 0 native plugins for Editor in 0.00 ms.
Unloading 2081 Unused Serialized files (Serialized files now loaded: 0)
System memory in use before: 96.2 MB.
System memory in use after: 96.3 MB.

Unloading 14 unused Assets to reduce memory usage. Loaded Objects now: 2605.
Total: 4.887600 ms (FindLiveObjects: 0.418400 ms CreateObjectMapping: 0.203900 ms MarkObjects: 4.222700 ms  DeleteObjects: 0.034500 ms)

AssetImportParameters requested are different than current active one (requested -> active):
  custom:framework-win-MediaFoundation: 216162199b28c13a410421893ffa2e32 -> 
  custom:video-decoder-ogg-theora: a1e56fd34408186e4bbccfd4996cb3dc -> 
  custom:container-muxer-webm: aa71ff27fc2769a1b78a27578f13a17b -> 
  custom:container-demuxer-webm: 4f35f7cbe854078d1ac9338744f61a02 -> 
  custom:container-demuxer-ogg: 62fdf1f143b41e24485cea50d1cbac27 -> 
  custom:video-encoder-webm-vp8: eb34c28f22e8b96e1ab97ce403110664 -> 
  custom:video-decoder-webm-vp8: 9c59270c3fd7afecdb556c50c9e8de78 -> 
  custom:audio-decoder-ogg-vorbis: bf7c407c2cedff20999df2af8eb42d56 -> 
  custom:audio-encoder-webm-vorbis: bf7c407c2cedff20999df2af8eb42d56 -> 
========================================================================
Received Prepare
Registering precompiled user dll's ...
Registered in 0.003380 seconds.
Begin MonoManager ReloadAssembly
Native extension for WindowsStandalone target not found
Native extension for WebGL target not found
Refreshing native plugins compatible for Editor in 0.71 ms, found 3 plugins.
Preloading 0 native plugins for Editor in 0.00 ms.
Mono: successfully reloaded assembly
- Completed reload, in  1.351 seconds
Domain Reload Profiling:
	ReloadAssembly (1352ms)
		BeginReloadAssembly (146ms)
			ExecutionOrderSort (0ms)
			DisableScriptedObjects (21ms)
			BackupInstance (0ms)
			ReleaseScriptingObjects (0ms)
			CreateAndSetChildDomain (35ms)
		EndReloadAssembly (1123ms)
			LoadAssemblies (120ms)
			RebuildTransferFunctionScriptingTraits (0ms)
			SetupTypeCache (396ms)
			ReleaseScriptCaches (1ms)
			RebuildScriptCaches (61ms)
			SetupLoadedEditorAssemblies (405ms)
				LogAssemblyErrors (0ms)
				InitializePlatformSupportModulesInManaged (9ms)
				SetLoadedEditorAssemblies (0ms)
				RefreshPlugins (1ms)
				BeforeProcessingInitializeOnLoad (83ms)
				ProcessInitializeOnLoadAttributes (297ms)
				ProcessInitializeOnLoadMethodAttributes (7ms)
				AfterProcessingInitializeOnLoad (8ms)
				EditorAssembliesLoaded (0ms)
			ExecutionOrderSort2 (0ms)
			AwakeInstancesAfterBackupRestoration (16ms)
Platform modules already initialized, skipping
Refreshing native plugins compatible for Editor in 0.97 ms, found 3 plugins.
Preloading 0 native plugins for Editor in 0.00 ms.
Unloading 2081 Unused Serialized files (Serialized files now loaded: 0)
System memory in use before: 96.2 MB.
System memory in use after: 96.3 MB.

Unloading 14 unused Assets to reduce memory usage. Loaded Objects now: 2608.
Total: 5.122300 ms (FindLiveObjects: 0.682500 ms CreateObjectMapping: 0.116900 ms MarkObjects: 4.258000 ms  DeleteObjects: 0.062000 ms)

AssetImportParameters requested are different than current active one (requested -> active):
  custom:framework-win-MediaFoundation: 216162199b28c13a410421893ffa2e32 -> 
  custom:video-decoder-ogg-theora: a1e56fd34408186e4bbccfd4996cb3dc -> 
  custom:container-muxer-webm: aa71ff27fc2769a1b78a27578f13a17b -> 
  custom:container-demuxer-webm: 4f35f7cbe854078d1ac9338744f61a02 -> 
  custom:container-demuxer-ogg: 62fdf1f143b41e24485cea50d1cbac27 -> 
  custom:video-encoder-webm-vp8: eb34c28f22e8b96e1ab97ce403110664 -> 
  custom:video-decoder-webm-vp8: 9c59270c3fd7afecdb556c50c9e8de78 -> 
  custom:audio-decoder-ogg-vorbis: bf7c407c2cedff20999df2af8eb42d56 -> 
  custom:audio-encoder-webm-vorbis: bf7c407c2cedff20999df2af8eb42d56 -> 
========================================================================
Received Prepare
Registering precompiled user dll's ...
Registered in 0.004695 seconds.
Begin MonoManager ReloadAssembly
Native extension for WindowsStandalone target not found
Native extension for WebGL target not found
Refreshing native plugins compatible for Editor in 0.81 ms, found 3 plugins.
Preloading 0 native plugins for Editor in 0.00 ms.
Mono: successfully reloaded assembly
- Completed reload, in  1.310 seconds
Domain Reload Profiling:
	ReloadAssembly (1310ms)
		BeginReloadAssembly (163ms)
			ExecutionOrderSort (0ms)
			DisableScriptedObjects (9ms)
			BackupInstance (0ms)
			ReleaseScriptingObjects (0ms)
			CreateAndSetChildDomain (56ms)
		EndReloadAssembly (1058ms)
			LoadAssemblies (147ms)
			RebuildTransferFunctionScriptingTraits (0ms)
			SetupTypeCache (424ms)
			ReleaseScriptCaches (2ms)
			RebuildScriptCaches (60ms)
			SetupLoadedEditorAssemblies (299ms)
				LogAssemblyErrors (0ms)
				InitializePlatformSupportModulesInManaged (12ms)
				SetLoadedEditorAssemblies (1ms)
				RefreshPlugins (1ms)
				BeforeProcessingInitializeOnLoad (72ms)
				ProcessInitializeOnLoadAttributes (202ms)
				ProcessInitializeOnLoadMethodAttributes (5ms)
				AfterProcessingInitializeOnLoad (6ms)
				EditorAssembliesLoaded (0ms)
			ExecutionOrderSort2 (0ms)
			AwakeInstancesAfterBackupRestoration (10ms)
Platform modules already initialized, skipping
Refreshing native plugins compatible for Editor in 0.52 ms, found 3 plugins.
Preloading 0 native plugins for Editor in 0.00 ms.
Unloading 2081 Unused Serialized files (Serialized files now loaded: 0)
System memory in use before: 96.2 MB.
System memory in use after: 96.3 MB.

Unloading 14 unused Assets to reduce memory usage. Loaded Objects now: 2611.
Total: 3.511300 ms (FindLiveObjects: 0.214600 ms CreateObjectMapping: 0.081400 ms MarkObjects: 3.117200 ms  DeleteObjects: 0.095400 ms)

AssetImportParameters requested are different than current active one (requested -> active):
  custom:framework-win-MediaFoundation: 216162199b28c13a410421893ffa2e32 -> 
  custom:video-decoder-ogg-theora: a1e56fd34408186e4bbccfd4996cb3dc -> 
  custom:container-muxer-webm: aa71ff27fc2769a1b78a27578f13a17b -> 
  custom:container-demuxer-webm: 4f35f7cbe854078d1ac9338744f61a02 -> 
  custom:container-demuxer-ogg: 62fdf1f143b41e24485cea50d1cbac27 -> 
  custom:video-encoder-webm-vp8: eb34c28f22e8b96e1ab97ce403110664 -> 
  custom:video-decoder-webm-vp8: 9c59270c3fd7afecdb556c50c9e8de78 -> 
  custom:audio-decoder-ogg-vorbis: bf7c407c2cedff20999df2af8eb42d56 -> 
  custom:audio-encoder-webm-vorbis: bf7c407c2cedff20999df2af8eb42d56 -> 
AssetImportWorkerClient::OnTransportError - code=2 error=End of file
